<?xml version="1.0" encoding="UTF-8"?>
<testng-results ignored="0" total="2" passed="2" failed="0" skipped="0">
  <reporter-output>
  </reporter-output>
  <suite started-at="2022-05-29T16:20:07Z" name="Suite" finished-at="2022-05-29T16:21:01Z" duration-ms="54313">
    <groups>
    </groups>
    <test started-at="2022-05-29T16:20:07Z" name="FacebookTest" finished-at="2022-05-29T16:20:20Z" duration-ms="12793">
      <class name="tests.FacebookTest">
        <test-method is-config="true" signature="setup(java.lang.String)[pri:0, instance:tests.FacebookTest@394df057]" started-at="2022-05-29T16:20:07Z" name="setup" finished-at="2022-05-29T16:20:14Z" duration-ms="6975" status="PASS">
          <params>
            <param index="0">
              <value>
                <![CDATA[facebook]]>
              </value>
            </param>
          </params>
          <reporter-output>
          </reporter-output>
        </test-method> <!-- setup -->
        <test-method signature="postFacebookStatus()[pri:0, instance:tests.FacebookTest@394df057]" started-at="2022-05-29T16:20:14Z" name="postFacebookStatus" finished-at="2022-05-29T16:20:19Z" duration-ms="5109" status="PASS">
          <reporter-output>
          </reporter-output>
        </test-method> <!-- postFacebookStatus -->
        <test-method is-config="true" signature="teardown()[pri:0, instance:tests.FacebookTest@394df057]" started-at="2022-05-29T16:20:19Z" name="teardown" finished-at="2022-05-29T16:20:20Z" duration-ms="695" status="PASS">
          <reporter-output>
          </reporter-output>
        </test-method> <!-- teardown -->
      </class> <!-- tests.FacebookTest -->
    </test> <!-- FacebookTest -->
    <test started-at="2022-05-29T16:20:20Z" name="WalletHubTest" finished-at="2022-05-29T16:21:01Z" duration-ms="41498">
      <class name="tests.WalletHubTest">
        <test-method is-config="true" signature="setup(java.lang.String)[pri:0, instance:tests.WalletHubTest@762ef0ea]" started-at="2022-05-29T16:20:20Z" name="setup" finished-at="2022-05-29T16:20:34Z" duration-ms="14262" status="PASS">
          <params>
            <param index="0">
              <value>
                <![CDATA[wallethub]]>
              </value>
            </param>
          </params>
          <reporter-output>
          </reporter-output>
        </test-method> <!-- setup -->
        <test-method signature="fnReviewInsurance()[pri:0, instance:tests.WalletHubTest@762ef0ea]" started-at="2022-05-29T16:20:34Z" name="fnReviewInsurance" finished-at="2022-05-29T16:21:00Z" duration-ms="26569" status="PASS">
          <reporter-output>
          </reporter-output>
        </test-method> <!-- fnReviewInsurance -->
        <test-method is-config="true" signature="teardown()[pri:0, instance:tests.WalletHubTest@762ef0ea]" started-at="2022-05-29T16:21:00Z" name="teardown" finished-at="2022-05-29T16:21:01Z" duration-ms="665" status="PASS">
          <reporter-output>
          </reporter-output>
        </test-method> <!-- teardown -->
      </class> <!-- tests.WalletHubTest -->
    </test> <!-- WalletHubTest -->
  </suite> <!-- Suite -->
</testng-results>
